<?xml version="1.0" encoding="UTF-8"?>
<coverage generated="1487947757">
  <project timestamp="1487947757">
    <package name="OsLab\SecurityApiBundle\DependencyInjection">
      <file name="/home/mco/Projects/osLab/security-api-bundle/DependencyInjection/Configuration.php">
        <class name="Configuration" namespace="OsLab\SecurityApiBundle\DependencyInjection">
          <metrics complexity="2" methods="2" coveredmethods="0" conditionals="0" coveredconditionals="0" statements="24" coveredstatements="0" elements="26" coveredelements="0"/>
        </class>
        <line num="29" type="method" name="getConfigTreeBuilder" visibility="public" complexity="1" crap="2" count="0"/>
        <line num="30" type="stmt" count="0"/>
        <line num="31" type="stmt" count="0"/>
        <line num="32" type="stmt" count="0"/>
        <line num="33" type="stmt" count="0"/>
        <line num="35" type="stmt" count="0"/>
        <line num="36" type="stmt" count="0"/>
        <line num="45" type="method" name="addAuthenticationSection" visibility="protected" complexity="1" crap="2" count="0"/>
        <line num="46" type="stmt" count="0"/>
        <line num="47" type="stmt" count="0"/>
        <line num="48" type="stmt" count="0"/>
        <line num="49" type="stmt" count="0"/>
        <line num="50" type="stmt" count="0"/>
        <line num="51" type="stmt" count="0"/>
        <line num="52" type="stmt" count="0"/>
        <line num="53" type="stmt" count="0"/>
        <line num="54" type="stmt" count="0"/>
        <line num="55" type="stmt" count="0"/>
        <line num="56" type="stmt" count="0"/>
        <line num="57" type="stmt" count="0"/>
        <line num="58" type="stmt" count="0"/>
        <line num="59" type="stmt" count="0"/>
        <line num="60" type="stmt" count="0"/>
        <line num="61" type="stmt" count="0"/>
        <line num="62" type="stmt" count="0"/>
        <line num="63" type="stmt" count="0"/>
        <metrics loc="64" ncloc="40" classes="1" methods="2" coveredmethods="0" conditionals="0" coveredconditionals="0" statements="24" coveredstatements="0" elements="26" coveredelements="0"/>
      </file>
      <file name="/home/mco/Projects/osLab/security-api-bundle/DependencyInjection/OsLabSecurityApiExtension.php">
        <class name="OsLabSecurityApiExtension" namespace="OsLab\SecurityApiBundle\DependencyInjection">
          <metrics complexity="7" methods="2" coveredmethods="0" conditionals="0" coveredconditionals="0" statements="22" coveredstatements="0" elements="24" coveredelements="0"/>
        </class>
        <line num="30" type="method" name="load" visibility="public" complexity="1" crap="2" count="0"/>
        <line num="31" type="stmt" count="0"/>
        <line num="32" type="stmt" count="0"/>
        <line num="33" type="stmt" count="0"/>
        <line num="35" type="stmt" count="0"/>
        <line num="36" type="stmt" count="0"/>
        <line num="38" type="stmt" count="0"/>
        <line num="39" type="stmt" count="0"/>
        <line num="50" type="method" name="remapParametersNamespaces" visibility="protected" complexity="6" crap="42" count="0"/>
        <line num="51" type="stmt" count="0"/>
        <line num="52" type="stmt" count="0"/>
        <line num="53" type="stmt" count="0"/>
        <line num="54" type="stmt" count="0"/>
        <line num="55" type="stmt" count="0"/>
        <line num="56" type="stmt" count="0"/>
        <line num="57" type="stmt" count="0"/>
        <line num="58" type="stmt" count="0"/>
        <line num="59" type="stmt" count="0"/>
        <line num="60" type="stmt" count="0"/>
        <line num="62" type="stmt" count="0"/>
        <line num="63" type="stmt" count="0"/>
        <line num="64" type="stmt" count="0"/>
        <line num="65" type="stmt" count="0"/>
        <line num="66" type="stmt" count="0"/>
        <metrics loc="67" ncloc="41" classes="1" methods="2" coveredmethods="0" conditionals="0" coveredconditionals="0" statements="22" coveredstatements="0" elements="24" coveredelements="0"/>
      </file>
    </package>
    <package name="OsLab\SecurityApiBundle\DependencyInjection\Security\UserProvider">
      <file name="/home/mco/Projects/osLab/security-api-bundle/DependencyInjection/Security/UserProvider/InMemoryApiFactory.php">
        <class name="InMemoryApiFactory" namespace="OsLab\SecurityApiBundle\DependencyInjection\Security\UserProvider">
          <metrics complexity="5" methods="4" coveredmethods="0" conditionals="0" coveredconditionals="0" statements="27" coveredstatements="0" elements="31" coveredelements="0"/>
        </class>
        <line num="35" type="method" name="create" visibility="public" complexity="2" crap="6" count="0"/>
        <line num="36" type="stmt" count="0"/>
        <line num="37" type="stmt" count="0"/>
        <line num="39" type="stmt" count="0"/>
        <line num="40" type="stmt" count="0"/>
        <line num="42" type="stmt" count="0"/>
        <line num="43" type="stmt" count="0"/>
        <line num="44" type="stmt" count="0"/>
        <line num="45" type="stmt" count="0"/>
        <line num="47" type="stmt" count="0"/>
        <line num="48" type="stmt" count="0"/>
        <line num="49" type="stmt" count="0"/>
        <line num="56" type="method" name="getKey" visibility="public" complexity="1" crap="2" count="0"/>
        <line num="57" type="stmt" count="0"/>
        <line num="58" type="stmt" count="0"/>
        <line num="59" type="stmt" count="0"/>
        <line num="66" type="method" name="addConfiguration" visibility="public" complexity="1" crap="2" count="0"/>
        <line num="67" type="stmt" count="0"/>
        <line num="68" type="stmt" count="0"/>
        <line num="69" type="stmt" count="0"/>
        <line num="70" type="stmt" count="0"/>
        <line num="71" type="stmt" count="0"/>
        <line num="72" type="stmt" count="0"/>
        <line num="73" type="stmt" count="0"/>
        <line num="74" type="stmt" count="0"/>
        <line num="75" type="stmt" count="0"/>
        <line num="76" type="stmt" count="0"/>
        <line num="77" type="stmt" count="0"/>
        <line num="78" type="method" name="anonymous function" complexity="1" crap="2" count="0"/>
        <line num="79" type="stmt" count="0"/>
        <line num="80" type="stmt" count="0"/>
        <line num="81" type="stmt" count="0"/>
        <line num="82" type="stmt" count="0"/>
        <line num="83" type="stmt" count="0"/>
        <line num="84" type="stmt" count="0"/>
        <line num="85" type="stmt" count="0"/>
        <line num="86" type="stmt" count="0"/>
        <line num="87" type="stmt" count="0"/>
        <line num="88" type="stmt" count="0"/>
        <line num="89" type="stmt" count="0"/>
        <line num="90" type="stmt" count="0"/>
        <metrics loc="91" ncloc="60" classes="1" methods="4" coveredmethods="0" conditionals="0" coveredconditionals="0" statements="37" coveredstatements="0" elements="41" coveredelements="0"/>
      </file>
    </package>
    <package name="OsLab\SecurityApiBundle">
      <file name="/home/mco/Projects/osLab/security-api-bundle/OsLabSecurityApiBundle.php">
        <class name="OsLabSecurityApiBundle" namespace="OsLab\SecurityApiBundle">
          <metrics complexity="1" methods="1" coveredmethods="0" conditionals="0" coveredconditionals="0" statements="5" coveredstatements="0" elements="6" coveredelements="0"/>
        </class>
        <line num="26" type="method" name="build" visibility="public" complexity="1" crap="2" count="0"/>
        <line num="27" type="stmt" count="0"/>
        <line num="28" type="stmt" count="0"/>
        <line num="30" type="stmt" count="0"/>
        <line num="32" type="stmt" count="0"/>
        <line num="33" type="stmt" count="0"/>
        <metrics loc="34" ncloc="20" classes="1" methods="1" coveredmethods="0" conditionals="0" coveredconditionals="0" statements="5" coveredstatements="0" elements="6" coveredelements="0"/>
      </file>
    </package>
    <package name="OsLab\SecurityApiBundle\Security\Authentication">
      <file name="/home/mco/Projects/osLab/security-api-bundle/Security/Authentication/AuthenticationFailureHandler.php">
        <class name="AuthenticationFailureHandler" namespace="OsLab\SecurityApiBundle\Security\Authentication">
          <metrics complexity="1" methods="1" coveredmethods="1" conditionals="0" coveredconditionals="0" statements="1" coveredstatements="1" elements="2" coveredelements="2"/>
        </class>
        <line num="30" type="method" name="onAuthenticationFailure" visibility="public" complexity="1" crap="1" count="1"/>
        <line num="32" type="stmt" count="1"/>
        <metrics loc="34" ncloc="17" classes="1" methods="1" coveredmethods="1" conditionals="0" coveredconditionals="0" statements="1" coveredstatements="1" elements="2" coveredelements="2"/>
      </file>
      <file name="/home/mco/Projects/osLab/security-api-bundle/Security/Authentication/SimplePreAuthenticator.php">
        <class name="SimplePreAuthenticator" namespace="OsLab\SecurityApiBundle\Security\Authentication">
          <metrics complexity="11" methods="4" coveredmethods="3" conditionals="0" coveredconditionals="0" statements="26" coveredstatements="13" elements="30" coveredelements="16"/>
        </class>
        <line num="47" type="method" name="__construct" visibility="public" complexity="1" crap="1" count="5"/>
        <line num="49" type="stmt" count="5"/>
        <line num="50" type="stmt" count="5"/>
        <line num="51" type="stmt" count="5"/>
        <line num="56" type="method" name="createToken" visibility="public" complexity="4" crap="4" count="3"/>
        <line num="58" type="stmt" count="3"/>
        <line num="60" type="stmt" count="3"/>
        <line num="61" type="stmt" count="1"/>
        <line num="62" type="stmt" count="2"/>
        <line num="63" type="stmt" count="1"/>
        <line num="66" type="stmt" count="3"/>
        <line num="67" type="stmt" count="1"/>
        <line num="70" type="stmt" count="2"/>
        <line num="71" type="stmt" count="2"/>
        <line num="80" type="method" name="supportsToken" visibility="public" complexity="2" crap="2" count="2"/>
        <line num="82" type="stmt" count="2"/>
        <line num="88" type="method" name="authenticateToken" visibility="public" complexity="4" crap="20" count="0"/>
        <line num="90" type="stmt" count="0"/>
        <line num="91" type="stmt" count="0"/>
        <line num="93" type="stmt" count="0"/>
        <line num="94" type="stmt" count="0"/>
        <line num="100" type="stmt" count="0"/>
        <line num="101" type="stmt" count="0"/>
        <line num="103" type="stmt" count="0"/>
        <line num="104" type="stmt" count="0"/>
        <line num="105" type="stmt" count="0"/>
        <line num="107" type="stmt" count="0"/>
        <line num="110" type="stmt" count="0"/>
        <line num="112" type="stmt" count="0"/>
        <line num="116" type="stmt" count="0"/>
        <metrics loc="119" ncloc="84" classes="1" methods="4" coveredmethods="3" conditionals="0" coveredconditionals="0" statements="26" coveredstatements="13" elements="30" coveredelements="16"/>
      </file>
    </package>
    <package name="OsLab\SecurityApiBundle\Security\User">
      <file name="/home/mco/Projects/osLab/security-api-bundle/Security/User/InMemoryApiUserProvider.php">
        <class name="InMemoryApiUserProvider" namespace="OsLab\SecurityApiBundle\Security\User">
          <metrics complexity="11" methods="7" coveredmethods="1" conditionals="0" coveredconditionals="0" statements="19" coveredstatements="7" elements="26" coveredelements="8"/>
        </class>
        <line num="38" type="method" name="__construct" visibility="public" complexity="1" crap="1" count="1"/>
        <line num="40" type="stmt" count="1"/>
        <line num="41" type="stmt" count="1"/>
        <line num="50" type="method" name="getUsernameByApiKey" visibility="public" complexity="3" crap="12" count="0"/>
        <line num="52" type="stmt" count="0"/>
        <line num="53" type="stmt" count="0"/>
        <line num="54" type="stmt" count="0"/>
        <line num="58" type="stmt" count="0"/>
        <line num="64" type="method" name="loadUserByUsername" visibility="public" complexity="1" crap="1.12" count="1"/>
        <line num="66" type="stmt" count="1"/>
        <line num="68" type="stmt" count="0"/>
        <line num="79" type="method" name="createUser" visibility="public" complexity="2" crap="6" count="0"/>
        <line num="81" type="stmt" count="0"/>
        <line num="82" type="stmt" count="0"/>
        <line num="85" type="stmt" count="0"/>
        <line num="86" type="stmt" count="0"/>
        <line num="91" type="method" name="refreshUser" visibility="public" complexity="1" crap="2" count="0"/>
        <line num="93" type="stmt" count="0"/>
        <line num="99" type="method" name="supportsClass" visibility="public" complexity="1" crap="2" count="0"/>
        <line num="101" type="stmt" count="0"/>
        <line num="112" type="method" name="getUser" visibility="private" complexity="2" crap="2.03" count="1"/>
        <line num="114" type="stmt" count="1"/>
        <line num="115" type="stmt" count="1"/>
        <line num="116" type="stmt" count="1"/>
        <line num="118" type="stmt" count="1"/>
        <line num="121" type="stmt" count="0"/>
        <metrics loc="123" ncloc="69" classes="1" methods="7" coveredmethods="1" conditionals="0" coveredconditionals="0" statements="19" coveredstatements="7" elements="26" coveredelements="8"/>
      </file>
    </package>
    <metrics files="7" loc="532" ncloc="331" classes="7" methods="21" coveredmethods="5" conditionals="0" coveredconditionals="0" statements="134" coveredstatements="21" elements="155" coveredelements="26"/>
  </project>
</coverage>
